<?xml version="1.0" encoding="UTF-8"?>
<!-- Generated by org.testng.reporters.JUnitReportReporter -->
<testsuite hostname="DESKTOP-BPRANIL" failures="0" tests="1" name="testCases.TC002AddProductCatalog" time="4.384" errors="0" timestamp="2025-02-14T15:15:02 EST" skipped="0">
  <testcase classname="testCases.TC002AddProductCatalog" name="addproduct" time="4.384"/>
</testsuite> <!-- testCases.TC002AddProductCatalog -->
