<?xml version="1.0" encoding="UTF-8"?>
<!-- Generated by org.testng.reporters.JUnitReportReporter -->
<testsuite hostname="SAANVI" failures="0" tests="1" name="testCases.TC001_LoginTest" time="0.246" errors="0" timestamp="2025-02-24T18:47:28 EST" skipped="0">
  <testcase classname="testCases.TC001_LoginTest" name="verifylogin" time="0.246"/>
</testsuite> <!-- testCases.TC001_LoginTest -->
