<?xml version="1.0" encoding="UTF-8"?>
<!-- Generated by org.testng.reporters.JUnitReportReporter -->
<testsuite hostname="SAANVI" failures="0" tests="1" name="testCases.TC002AddProductCatalog" time="4.186" errors="0" timestamp="2025-02-17T10:32:44 EST" skipped="0">
  <testcase classname="testCases.TC002AddProductCatalog" name="addproduct" time="4.186"/>
</testsuite> <!-- testCases.TC002AddProductCatalog -->
